<?xml version="1.0" encoding="UTF-8"?>
<testng-results ignored="0" total="1" passed="1" failed="0" skipped="0">
  <reporter-output>
  </reporter-output>
  <suite started-at="2025-07-08T19:37:59 EET" name="Default suite" finished-at="2025-07-08T19:38:11 EET" duration-ms="11567">
    <groups>
    </groups>
    <test started-at="2025-07-08T19:37:59 EET" name="Default test" finished-at="2025-07-08T19:38:11 EET" duration-ms="11567">
      <class name="Login.MyTestCases">
        <test-method is-config="true" signature="mysetup()[pri:0, instance:Login.MyTestCases@45815ffc]" started-at="2025-07-08T19:37:59 EET" name="mysetup" finished-at="2025-07-08T19:38:02 EET" duration-ms="2555" status="PASS">
          <reporter-output>
          </reporter-output>
        </test-method> <!-- mysetup -->
        <test-method signature="signup()[pri:1, instance:Login.MyTestCases@45815ffc]" started-at="2025-07-08T19:38:02 EET" name="signup" finished-at="2025-07-08T19:38:11 EET" duration-ms="8979" status="PASS">
          <reporter-output>
          </reporter-output>
        </test-method> <!-- signup -->
      </class> <!-- Login.MyTestCases -->
    </test> <!-- Default test -->
  </suite> <!-- Default suite -->
</testng-results>
