<?xml version="1.0" encoding="UTF-8"?>
<testng-results ignored="0" total="1" passed="1" failed="0" skipped="0">
  <reporter-output>
  </reporter-output>
  <suite started-at="2025-07-08T12:16:10 EET" name="Default suite" finished-at="2025-07-08T12:16:15 EET" duration-ms="4734">
    <groups>
    </groups>
    <test started-at="2025-07-08T12:16:10 EET" name="Default test" finished-at="2025-07-08T12:16:15 EET" duration-ms="4734">
      <class name="Login.MyTestCases">
        <test-method is-config="true" signature="mysetup()[pri:0, instance:Login.MyTestCases@50ecde95]" started-at="2025-07-08T12:16:10 EET" name="mysetup" finished-at="2025-07-08T12:16:14 EET" duration-ms="3295" status="PASS">
          <reporter-output>
          </reporter-output>
        </test-method> <!-- mysetup -->
        <test-method signature="signup()[pri:1, instance:Login.MyTestCases@50ecde95]" started-at="2025-07-08T12:16:14 EET" name="signup" finished-at="2025-07-08T12:16:15 EET" duration-ms="1402" status="PASS">
          <reporter-output>
          </reporter-output>
        </test-method> <!-- signup -->
      </class> <!-- Login.MyTestCases -->
    </test> <!-- Default test -->
  </suite> <!-- Default suite -->
</testng-results>
